[debug] [2022-08-29T18:51:52.423Z] ----------------------------------------------------------------------
[debug] [2022-08-29T18:51:52.425Z] Command:       C:\Program Files\nodejs\node.exe C:\Users\PC\AppData\Roaming\npm\node_modules\firebase-tools\lib\bin\firebase.js init
[debug] [2022-08-29T18:51:52.426Z] CLI Version:   10.6.0
[debug] [2022-08-29T18:51:52.426Z] Platform:      win32
[debug] [2022-08-29T18:51:52.426Z] Node Version:  v16.13.1
[debug] [2022-08-29T18:51:52.427Z] Time:          Tue Aug 30 2022 00:51:52 GMT+0600 (Bangladesh Standard Time)
[debug] [2022-08-29T18:51:52.428Z] ----------------------------------------------------------------------
[debug] 
[debug] [2022-08-29T18:51:52.495Z] > command requires scopes: ["email","openid","https://www.googleapis.com/auth/cloudplatformprojects.readonly","https://www.googleapis.com/auth/firebase","https://www.googleapis.com/auth/cloud-platform"]
[debug] [2022-08-29T18:51:52.495Z] > authorizing via signed-in user (kholilmdibrahim17@gmail.com)
[info] 
     ######## #### ########  ######## ########     ###     ######  ########
     ##        ##  ##     ## ##       ##     ##  ##   ##  ##       ##
     ######    ##  ########  ######   ########  #########  ######  ######
     ##        ##  ##    ##  ##       ##     ## ##     ##       ## ##
     ##       #### ##     ## ######## ########  ##     ##  ######  ########

You're about to initialize a Firebase project in this directory:

  C:\New web courses\Javascript\react-practice-project\milestone-12\doctor-portal

Before we get started, keep in mind:

  * You are currently outside your home directory
  * You are initializing within an existing Firebase project directory

[info] 
=== Project Setup
[info] 
[info] First, let's associate this project directory with a Firebase project.
[info] You can create multiple project aliases by running firebase use --add, 
[info] but for now we'll just set up a default project.
[info] 
[debug] [2022-08-29T18:52:17.957Z] Using project from CLI flag: doctor-portals-70659
[debug] [2022-08-29T18:52:17.960Z] >>> [apiv2][query] GET https://firebase.googleapis.com/v1beta1/projects/doctor-portals-70659 [none]
[debug] [2022-08-29T18:52:18.972Z] <<< [apiv2][status] GET https://firebase.googleapis.com/v1beta1/projects/doctor-portals-70659 200
[debug] [2022-08-29T18:52:18.972Z] <<< [apiv2][body] GET https://firebase.googleapis.com/v1beta1/projects/doctor-portals-70659 {"projectId":"doctor-portals-70659","projectNumber":"849078972352","displayName":"doctor-portals","name":"projects/doctor-portals-70659","resources":{"hostingSite":"doctor-portals-70659"},"state":"ACTIVE","etag":"1_3ed6876d-0ab1-4402-9d2c-17338b2faf52"}
[info] i  Using project doctor-portals-70659 (doctor-portals) 
[info] 
=== Hosting Setup
[info] 
[info] Your public directory is the folder (relative to your project directory) that
[info] will contain Hosting assets to be uploaded with firebase deploy. If you
[info] have a build process for your assets, use your build's output directory.
[info] 
[info] +  Wrote build/404.html 
[debug] [2022-08-29T18:53:35.293Z] >>> [apiv2][query] GET https://www.gstatic.com/firebasejs/releases.json [none]
[debug] [2022-08-29T18:53:35.742Z] <<< [apiv2][status] GET https://www.gstatic.com/firebasejs/releases.json 200
[debug] [2022-08-29T18:53:35.742Z] <<< [apiv2][body] GET https://www.gstatic.com/firebasejs/releases.json {"current":{"version":"9.9.3","browserURL":"https://www.gstatic.com/firebasejs/9.9.3/firebase.js","packageURL":"https://www.gstatic.com/firebasejs/9.9.3/firebase.tgz"},"live":{"version":"9.9","browserURL":"https://www.gstatic.com/firebasejs/live/9.9/firebase.js","packageURL":"https://www.gstatic.com/firebasejs/live/9.9/firebase.tgz"},"components":{"analytics":"https://www.gstatic.com/firebasejs/9.9.3/firebase-analytics.js","app":"https://www.gstatic.com/firebasejs/9.9.3/firebase-app.js","app-check":"https://www.gstatic.com/firebasejs/9.9.3/firebase-app-check.js","auth":"https://www.gstatic.com/firebasejs/9.9.3/firebase-auth.js","auth/cordova":"https://www.gstatic.com/firebasejs/9.9.3/firebase-auth/cordova.js","auth/react-native":"https://www.gstatic.com/firebasejs/9.9.3/firebase-auth/react-native.js","functions":"https://www.gstatic.com/firebasejs/9.9.3/firebase-functions.js","firestore":"https://www.gstatic.com/firebasejs/9.9.3/firebase-firestore.js","firestore/lite":"https://www.gstatic.com/firebasejs/9.9.3/firebase-firestore/lite.js","installations":"https://www.gstatic.com/firebasejs/9.9.3/firebase-installations.js","storage":"https://www.gstatic.com/firebasejs/9.9.3/firebase-storage.js","performance":"https://www.gstatic.com/firebasejs/9.9.3/firebase-performance.js","remote-config":"https://www.gstatic.com/firebasejs/9.9.3/firebase-remote-config.js","messaging":"https://www.gstatic.com/firebasejs/9.9.3/firebase-messaging.js","messaging/sw":"https://www.gstatic.com/firebasejs/9.9.3/firebase-messaging/sw.js","database":"https://www.gstatic.com/firebasejs/9.9.3/firebase-database.js","firestore.memory":"https://www.gstatic.com/firebasejs/9.9.3/firebase-firestore.memory.js"}}
